<?xml version="1.0" encoding="UTF-8"?>
<!-- Generated by org.testng.reporters.JUnitXMLReporter -->
<testsuite ignored="0" hostname="LAPTOP-569A3714" failures="0" tests="3" name="Submit order Test" time="33.828" errors="0" timestamp="2024-11-20T17:12:40 IST">
  <testcase classname="Automation.Tests.SubmitOrder" name="submitOrder" time="12.891"/>
  <testcase classname="Automation.Tests.SubmitOrder" name="submitOrder" time="7.882"/>
  <testcase classname="Automation.Tests.SubmitOrder" name="orderHistry" time="0.722"/>
</testsuite> <!-- Submit order Test -->
